<?xml version="1.0" encoding="UTF-8"?>
<!-- Generated by org.testng.reporters.JUnitReportReporter -->
<testsuite hostname="DESKTOP-AS9VME5" failures="0" tests="1" name="com.crm.vtiger.testcases.ParametersTest" time="38.411" errors="0" timestamp="2022-03-28T13:15:17 IST" skipped="0">
  <testcase classname="com.crm.vtiger.testcases.ParametersTest" name="getCreadentialsDuringRunTime" time="38.411"/>
  <system-out/>
</testsuite> <!-- com.crm.vtiger.testcases.ParametersTest -->
